[0m[[0m[0mdebug[0m] [0m[0m> Exec(__runWatch console0, Some(43a92fee-37cf-4908-919a-db0c180bac33), Some(CommandSource(console0)))[0m
[0m[[0m[0mdebug[0m] [0m[0m> Exec(sbtStashOnFailure, None, Some(CommandSource(console0)))[0m
[0m[[0m[0mdebug[0m] [0m[0m> Exec(__preWatch console0, None, Some(CommandSource(console0)))[0m
[0m[[0m[0mdebug[0m] [0m[0m> Exec(run, None, Some(CommandSource(console0)))[0m
[0m[[0m[0mdebug[0m] [0m[0mEvaluating tasks: Compile / run[0m
[0m[[0m[0mdebug[0m] [0m[0mRunning task... Cancel: bloop.integrations.sbt.Offloader$$anon$1@2c2a903f, check cycles: false, forcegc: true[0m
[0m[[0m[0minfo[0m] [0m[0mcompiling 3 Scala sources to /home/dylan/Project_0/project_0/target/scala-2.13/classes ...[0m
[0m[[0m[31merror[0m] [0m[0m/home/dylan/Project_0/project_0/src/main/scala/com/SQL.scala:35:8: not found: value tt[0m
[0m[[0m[31merror[0m] [0m[0m       tt.setInt(1, A)[0m
[0m[[0m[31merror[0m] [0m[0m       ^[0m
[0m[[0m[31merror[0m] [0m[0m/home/dylan/Project_0/project_0/src/main/scala/com/SQL.scala:36:9: not found: value tt[0m
[0m[[0m[31merror[0m] [0m[0m        tt.execute()[0m
[0m[[0m[31merror[0m] [0m[0m        ^[0m
[0m[[0m[31merror[0m] [0m[0m/home/dylan/Project_0/project_0/src/main/scala/com/SQL.scala:37:18: not found: value tt[0m
[0m[[0m[31merror[0m] [0m[0m        val rs = tt.getResultSet()[0m
[0m[[0m[31merror[0m] [0m[0m                 ^[0m
[0m[[0m[31merror[0m] [0m[0mthree errors found[0m
[0m[[0m[31merror[0m] [0m[0m(Compile / [31mcompileIncremental[0m) Compilation failed[0m
[0m[[0m[31merror[0m] [0m[0mTotal time: 0 s, completed Apr 21, 2021 4:47:36 AM[0m
[0m[[0m[0mdebug[0m] [0m[0m> Exec(resumeFromFailure, None, Some(CommandSource(console0)))[0m
[0m[[0m[0mdebug[0m] [0m[0m> Exec(sbtPopOnFailure, None, Some(CommandSource(console0)))[0m
[0m[[0m[0mdebug[0m] [0m[0m> Exec(__postWatch console0, None, Some(CommandSource(console0)))[0m
[0m[[0m[0mdebug[0m] [0m[0m> Exec(__waitWatch console0, None, Some(CommandSource(console0)))[0m
